Using pre-set license
Built from '2020.3/staging' branch; Version is '2020.3.0f1 (c7b5465681fb) revision 13088070'; Using compiler version '192528614'; Build Type 'Release'
OS: 'Windows 10 Education; OS build 19042.867; Version 2009; 64bit' Language: 'en' Physical Memory: 16265 MB
BatchMode: 1, IsHumanControllingUs: 0, StartBugReporterOnCrash: 0, Is64bit: 1, IsPro: 0

 COMMAND LINE ARGUMENTS:
C:\Program Files\Unity\Hub\Editor\2020.3.0f1\Editor\Unity.exe
-adb2
-batchMode
-noUpm
-name
AssetImportWorker0
-projectPath
C:/Users/Eunmin/Documents/css499/prototype/GitCollab/cloneRepo/PuzzleSpeedRun/ASL
-logFile
Logs/AssetImportWorker0.log
-srvPort
63352
Successfully changed project path to: C:/Users/Eunmin/Documents/css499/prototype/GitCollab/cloneRepo/PuzzleSpeedRun/ASL
C:/Users/Eunmin/Documents/css499/prototype/GitCollab/cloneRepo/PuzzleSpeedRun/ASL
Using Asset Import Pipeline V2.
Refreshing native plugins compatible for Editor in 87.30 ms, found 11 plugins.
Preloading 2 native plugins for Editor in 1.32 ms.
Initialize engine version: 2020.3.0f1 (c7b5465681fb)
[Subsystems] Discovering subsystems at path C:/Program Files/Unity/Hub/Editor/2020.3.0f1/Editor/Data/Resources/UnitySubsystems
[Subsystems] Discovering subsystems at path C:/Users/Eunmin/Documents/css499/prototype/GitCollab/cloneRepo/PuzzleSpeedRun/ASL/Assets
GfxDevice: creating device client; threaded=0
Direct3D:
    Version:  Direct3D 11.0 [level 11.1]
    Renderer: NVIDIA GeForce RTX 3070 (ID=0x2484)
    Vendor:   
    VRAM:     8043 MB
    Driver:   27.21.14.5751
Shader 'Oculus/OVRMRCameraFrameLit': fallback shader 'Alpha-Diffuse' not found
Initialize mono
Mono path[0] = 'C:/Program Files/Unity/Hub/Editor/2020.3.0f1/Editor/Data/Managed'
Mono path[1] = 'C:/Program Files/Unity/Hub/Editor/2020.3.0f1/Editor/Data/MonoBleedingEdge/lib/mono/unityjit'
Mono config path = 'C:/Program Files/Unity/Hub/Editor/2020.3.0f1/Editor/Data/MonoBleedingEdge/etc'
Using monoOptions --debugger-agent=transport=dt_socket,embedding=1,server=y,suspend=n,address=127.0.0.1:56536
Begin MonoManager ReloadAssembly
Registering precompiled unity dll's ...
Register platform support module: C:/Program Files/Unity/Hub/Editor/2020.3.0f1/Editor/Data/PlaybackEngines/WindowsStandaloneSupport/UnityEditor.WindowsStandalone.Extensions.dll
Registered in 0.001544 seconds.
Native extension for WindowsStandalone target not found
Refreshing native plugins compatible for Editor in 71.92 ms, found 11 plugins.
Preloading 2 native plugins for Editor in 0.11 ms.
Invoked RoslynAnalysisRunner static constructor.
RoslynAnalysisRunner will not be running.
RoslynAnalysisRunner has terminated.
Mono: successfully reloaded assembly
- Completed reload, in  1.392 seconds
Platform modules already initialized, skipping
Registering precompiled user dll's ...
Registered in 0.009980 seconds.
Begin MonoManager ReloadAssembly
Native extension for WindowsStandalone target not found
Refreshing native plugins compatible for Editor in 71.28 ms, found 11 plugins.
Preloading 2 native plugins for Editor in 0.11 ms.
Invoked RoslynAnalysisRunner static constructor.
RoslynAnalysisRunner will not be running.
RoslynAnalysisRunner has terminated.
[XR] OculusXRPlugin: registering subsystems
[XR] Unable to register display lifecyle provider: [1]
[XR] Oculus Input lifecycle provider registered.
[XR] Unable to register input lifecyle provider: [1]
[XR] OVRP version 1.57.0
Mono: successfully reloaded assembly
- Completed reload, in  1.892 seconds
Platform modules already initialized, skipping
========================================================================
Worker process is ready to serve import requests
Shader 'Oculus/OVRMRCameraFrameLit': fallback shader 'Alpha-Diffuse' not found
Launched and connected shader compiler UnityShaderCompiler.exe after 0.03 seconds
Refreshing native plugins compatible for Editor in 1.21 ms, found 11 plugins.
Preloading 2 native plugins for Editor in 0.11 ms.
Unloading 4119 Unused Serialized files (Serialized files now loaded: 0)
System memory in use before: 200.5 MB.
System memory in use after: 199.1 MB.

Unloading 2615 unused Assets to reduce memory usage. Loaded Objects now: 4190.
Total: 5.112100 ms (FindLiveObjects: 0.550800 ms CreateObjectMapping: 0.151100 ms MarkObjects: 1.968000 ms  DeleteObjects: 2.441200 ms)

========================================================================
Received Import Request.
  path: Assets/VRPlayerMovement/Scenes/SampleScene.unity
  artifactKey: Guid(aabf3e1e779edf54e9b26a5f5ddef5c9) Importer(815301076,1909f56bfc062723c751e8b465ee728b)
Start importing Assets/VRPlayerMovement/Scenes/SampleScene.unity using Guid(aabf3e1e779edf54e9b26a5f5ddef5c9) Importer(815301076,1909f56bfc062723c751e8b465ee728b)  -> (artifact id: 'b56a059c4da8b3ad6b497d7a30a22213') in 0.012515 seconds
  Import took 0.017900 seconds .

========================================================================
Received Prepare
Registering precompiled user dll's ...
Registered in 0.011188 seconds.
Begin MonoManager ReloadAssembly
Native extension for WindowsStandalone target not found
Refreshing native plugins compatible for Editor in 1.46 ms, found 11 plugins.
Preloading 2 native plugins for Editor in 0.16 ms.
Invoked RoslynAnalysisRunner static constructor.
RoslynAnalysisRunner will not be running.
RoslynAnalysisRunner has terminated.
Error when attempting to update scene info fields. Scene info data may be stale.
UnityEngine.StackTraceUtility:ExtractStackTrace ()
UnityEngine.DebugLogHandler:LogFormat (UnityEngine.LogType,UnityEngine.Object,string,object[])
UnityEngine.Logger:Log (UnityEngine.LogType,object)
UnityEngine.Debug:LogWarning (object)
Microsoft.MixedReality.Toolkit.Editor.SceneInfoUtils:RefreshSceneInfoFieldsInScriptableObjects () (at Assets/ASL/MRTK/Core/Inspectors/PropertyDrawers/SceneInfoUtils.cs:313)
Microsoft.MixedReality.Toolkit.Editor.SceneInfoUtils:InitializeOnLoad () (at Assets/ASL/MRTK/Core/Inspectors/PropertyDrawers/SceneInfoUtils.cs:231)

(Filename: Assets/ASL/MRTK/Core/Inspectors/PropertyDrawers/SceneInfoUtils.cs Line: 313)

Mono: successfully reloaded assembly
- Completed reload, in  1.782 seconds
Platform modules already initialized, skipping
Shader 'Oculus/OVRMRCameraFrameLit': fallback shader 'Alpha-Diffuse' not found
Refreshing native plugins compatible for Editor in 1.38 ms, found 11 plugins.
Preloading 2 native plugins for Editor in 0.12 ms.
Unloading 3958 Unused Serialized files (Serialized files now loaded: 0)
System memory in use before: 194.5 MB.
System memory in use after: 193.6 MB.

Unloading 2355 unused Assets to reduce memory usage. Loaded Objects now: 4194.
Total: 5.546200 ms (FindLiveObjects: 0.751200 ms CreateObjectMapping: 0.287400 ms MarkObjects: 2.008300 ms  DeleteObjects: 2.498200 ms)

========================================================================
Received Prepare
Registering precompiled user dll's ...
Registered in 0.009924 seconds.
Begin MonoManager ReloadAssembly
Native extension for WindowsStandalone target not found
Refreshing native plugins compatible for Editor in 1.37 ms, found 11 plugins.
Preloading 2 native plugins for Editor in 0.15 ms.
Invoked RoslynAnalysisRunner static constructor.
RoslynAnalysisRunner will not be running.
RoslynAnalysisRunner has terminated.
Error when attempting to update scene info fields. Scene info data may be stale.
UnityEngine.StackTraceUtility:ExtractStackTrace ()
UnityEngine.DebugLogHandler:LogFormat (UnityEngine.LogType,UnityEngine.Object,string,object[])
UnityEngine.Logger:Log (UnityEngine.LogType,object)
UnityEngine.Debug:LogWarning (object)
Microsoft.MixedReality.Toolkit.Editor.SceneInfoUtils:RefreshSceneInfoFieldsInScriptableObjects () (at Assets/ASL/MRTK/Core/Inspectors/PropertyDrawers/SceneInfoUtils.cs:313)
Microsoft.MixedReality.Toolkit.Editor.SceneInfoUtils:InitializeOnLoad () (at Assets/ASL/MRTK/Core/Inspectors/PropertyDrawers/SceneInfoUtils.cs:231)

(Filename: Assets/ASL/MRTK/Core/Inspectors/PropertyDrawers/SceneInfoUtils.cs Line: 313)

Mono: successfully reloaded assembly
- Completed reload, in  1.623 seconds
Platform modules already initialized, skipping
Shader 'Oculus/OVRMRCameraFrameLit': fallback shader 'Alpha-Diffuse' not found
Refreshing native plugins compatible for Editor in 1.27 ms, found 11 plugins.
Preloading 2 native plugins for Editor in 0.11 ms.
Unloading 3958 Unused Serialized files (Serialized files now loaded: 0)
System memory in use before: 194.6 MB.
System memory in use after: 193.8 MB.

Unloading 2355 unused Assets to reduce memory usage. Loaded Objects now: 4198.
Total: 4.874000 ms (FindLiveObjects: 0.614500 ms CreateObjectMapping: 0.146800 ms MarkObjects: 1.911600 ms  DeleteObjects: 2.199400 ms)

========================================================================
Received Prepare
Registering precompiled user dll's ...
Registered in 0.009932 seconds.
Begin MonoManager ReloadAssembly
Native extension for WindowsStandalone target not found
Refreshing native plugins compatible for Editor in 1.34 ms, found 11 plugins.
Preloading 2 native plugins for Editor in 0.12 ms.
Invoked RoslynAnalysisRunner static constructor.
RoslynAnalysisRunner will not be running.
RoslynAnalysisRunner has terminated.
Error when attempting to update scene info fields. Scene info data may be stale.
UnityEngine.StackTraceUtility:ExtractStackTrace ()
UnityEngine.DebugLogHandler:LogFormat (UnityEngine.LogType,UnityEngine.Object,string,object[])
UnityEngine.Logger:Log (UnityEngine.LogType,object)
UnityEngine.Debug:LogWarning (object)
Microsoft.MixedReality.Toolkit.Editor.SceneInfoUtils:RefreshSceneInfoFieldsInScriptableObjects () (at Assets/ASL/MRTK/Core/Inspectors/PropertyDrawers/SceneInfoUtils.cs:313)
Microsoft.MixedReality.Toolkit.Editor.SceneInfoUtils:InitializeOnLoad () (at Assets/ASL/MRTK/Core/Inspectors/PropertyDrawers/SceneInfoUtils.cs:231)

(Filename: Assets/ASL/MRTK/Core/Inspectors/PropertyDrawers/SceneInfoUtils.cs Line: 313)

Mono: successfully reloaded assembly
- Completed reload, in  1.624 seconds
Platform modules already initialized, skipping
Shader 'Oculus/OVRMRCameraFrameLit': fallback shader 'Alpha-Diffuse' not found
Refreshing native plugins compatible for Editor in 1.33 ms, found 11 plugins.
Preloading 2 native plugins for Editor in 0.11 ms.
Unloading 3958 Unused Serialized files (Serialized files now loaded: 0)
System memory in use before: 194.7 MB.
System memory in use after: 193.9 MB.

Unloading 2355 unused Assets to reduce memory usage. Loaded Objects now: 4202.
Total: 5.493700 ms (FindLiveObjects: 0.577700 ms CreateObjectMapping: 0.147000 ms MarkObjects: 2.210200 ms  DeleteObjects: 2.557700 ms)

========================================================================
Received Prepare
Registering precompiled user dll's ...
Registered in 0.009707 seconds.
Begin MonoManager ReloadAssembly
Native extension for WindowsStandalone target not found
Refreshing native plugins compatible for Editor in 1.31 ms, found 11 plugins.
Preloading 2 native plugins for Editor in 0.14 ms.
Invoked RoslynAnalysisRunner static constructor.
RoslynAnalysisRunner will not be running.
RoslynAnalysisRunner has terminated.
Error when attempting to update scene info fields. Scene info data may be stale.
UnityEngine.StackTraceUtility:ExtractStackTrace ()
UnityEngine.DebugLogHandler:LogFormat (UnityEngine.LogType,UnityEngine.Object,string,object[])
UnityEngine.Logger:Log (UnityEngine.LogType,object)
UnityEngine.Debug:LogWarning (object)
Microsoft.MixedReality.Toolkit.Editor.SceneInfoUtils:RefreshSceneInfoFieldsInScriptableObjects () (at Assets/ASL/MRTK/Core/Inspectors/PropertyDrawers/SceneInfoUtils.cs:313)
Microsoft.MixedReality.Toolkit.Editor.SceneInfoUtils:InitializeOnLoad () (at Assets/ASL/MRTK/Core/Inspectors/PropertyDrawers/SceneInfoUtils.cs:231)

(Filename: Assets/ASL/MRTK/Core/Inspectors/PropertyDrawers/SceneInfoUtils.cs Line: 313)

Mono: successfully reloaded assembly
- Completed reload, in  1.595 seconds
Platform modules already initialized, skipping
Shader 'Oculus/OVRMRCameraFrameLit': fallback shader 'Alpha-Diffuse' not found
Refreshing native plugins compatible for Editor in 1.43 ms, found 11 plugins.
Preloading 2 native plugins for Editor in 0.12 ms.
Unloading 3958 Unused Serialized files (Serialized files now loaded: 0)
System memory in use before: 194.8 MB.
System memory in use after: 193.8 MB.

Unloading 2355 unused Assets to reduce memory usage. Loaded Objects now: 4206.
Total: 6.169900 ms (FindLiveObjects: 0.663200 ms CreateObjectMapping: 0.150500 ms MarkObjects: 2.708900 ms  DeleteObjects: 2.646000 ms)

========================================================================
Received Prepare
Registering precompiled user dll's ...
Registered in 0.010133 seconds.
Begin MonoManager ReloadAssembly
Native extension for WindowsStandalone target not found
Refreshing native plugins compatible for Editor in 1.30 ms, found 11 plugins.
Preloading 2 native plugins for Editor in 0.12 ms.
Invoked RoslynAnalysisRunner static constructor.
RoslynAnalysisRunner will not be running.
RoslynAnalysisRunner has terminated.
Error when attempting to update scene info fields. Scene info data may be stale.
UnityEngine.StackTraceUtility:ExtractStackTrace ()
UnityEngine.DebugLogHandler:LogFormat (UnityEngine.LogType,UnityEngine.Object,string,object[])
UnityEngine.Logger:Log (UnityEngine.LogType,object)
UnityEngine.Debug:LogWarning (object)
Microsoft.MixedReality.Toolkit.Editor.SceneInfoUtils:RefreshSceneInfoFieldsInScriptableObjects () (at Assets/ASL/MRTK/Core/Inspectors/PropertyDrawers/SceneInfoUtils.cs:313)
Microsoft.MixedReality.Toolkit.Editor.SceneInfoUtils:InitializeOnLoad () (at Assets/ASL/MRTK/Core/Inspectors/PropertyDrawers/SceneInfoUtils.cs:231)

(Filename: Assets/ASL/MRTK/Core/Inspectors/PropertyDrawers/SceneInfoUtils.cs Line: 313)

Mono: successfully reloaded assembly
- Completed reload, in  1.567 seconds
Platform modules already initialized, skipping
Shader 'Oculus/OVRMRCameraFrameLit': fallback shader 'Alpha-Diffuse' not found
Refreshing native plugins compatible for Editor in 1.27 ms, found 11 plugins.
Preloading 2 native plugins for Editor in 0.11 ms.
Unloading 3958 Unused Serialized files (Serialized files now loaded: 0)
System memory in use before: 194.8 MB.
System memory in use after: 194.0 MB.

Unloading 2355 unused Assets to reduce memory usage. Loaded Objects now: 4210.
Total: 5.843600 ms (FindLiveObjects: 0.922700 ms CreateObjectMapping: 0.159500 ms MarkObjects: 2.291900 ms  DeleteObjects: 2.464400 ms)

========================================================================
Received Prepare
Registering precompiled user dll's ...
Registered in 0.010260 seconds.
Begin MonoManager ReloadAssembly
Native extension for WindowsStandalone target not found
Refreshing native plugins compatible for Editor in 1.36 ms, found 11 plugins.
Preloading 2 native plugins for Editor in 0.12 ms.
Invoked RoslynAnalysisRunner static constructor.
RoslynAnalysisRunner will not be running.
RoslynAnalysisRunner has terminated.
Error when attempting to update scene info fields. Scene info data may be stale.
UnityEngine.StackTraceUtility:ExtractStackTrace ()
UnityEngine.DebugLogHandler:LogFormat (UnityEngine.LogType,UnityEngine.Object,string,object[])
UnityEngine.Logger:Log (UnityEngine.LogType,object)
UnityEngine.Debug:LogWarning (object)
Microsoft.MixedReality.Toolkit.Editor.SceneInfoUtils:RefreshSceneInfoFieldsInScriptableObjects () (at Assets/ASL/MRTK/Core/Inspectors/PropertyDrawers/SceneInfoUtils.cs:313)
Microsoft.MixedReality.Toolkit.Editor.SceneInfoUtils:InitializeOnLoad () (at Assets/ASL/MRTK/Core/Inspectors/PropertyDrawers/SceneInfoUtils.cs:231)

(Filename: Assets/ASL/MRTK/Core/Inspectors/PropertyDrawers/SceneInfoUtils.cs Line: 313)

Mono: successfully reloaded assembly
- Completed reload, in  1.554 seconds
Platform modules already initialized, skipping
Shader 'Oculus/OVRMRCameraFrameLit': fallback shader 'Alpha-Diffuse' not found
Refreshing native plugins compatible for Editor in 1.32 ms, found 11 plugins.
Preloading 2 native plugins for Editor in 0.11 ms.
Unloading 3958 Unused Serialized files (Serialized files now loaded: 0)
System memory in use before: 194.9 MB.
System memory in use after: 194.1 MB.

Unloading 2355 unused Assets to reduce memory usage. Loaded Objects now: 4214.
Total: 5.298600 ms (FindLiveObjects: 0.584500 ms CreateObjectMapping: 0.146000 ms MarkObjects: 2.165200 ms  DeleteObjects: 2.401500 ms)

========================================================================
Received Prepare
Registering precompiled user dll's ...
Registered in 0.009872 seconds.
Begin MonoManager ReloadAssembly
Native extension for WindowsStandalone target not found
Refreshing native plugins compatible for Editor in 1.57 ms, found 11 plugins.
Preloading 2 native plugins for Editor in 0.16 ms.
Invoked RoslynAnalysisRunner static constructor.
RoslynAnalysisRunner will not be running.
RoslynAnalysisRunner has terminated.
Error when attempting to update scene info fields. Scene info data may be stale.
UnityEngine.StackTraceUtility:ExtractStackTrace ()
UnityEngine.DebugLogHandler:LogFormat (UnityEngine.LogType,UnityEngine.Object,string,object[])
UnityEngine.Logger:Log (UnityEngine.LogType,object)
UnityEngine.Debug:LogWarning (object)
Microsoft.MixedReality.Toolkit.Editor.SceneInfoUtils:RefreshSceneInfoFieldsInScriptableObjects () (at Assets/ASL/MRTK/Core/Inspectors/PropertyDrawers/SceneInfoUtils.cs:313)
Microsoft.MixedReality.Toolkit.Editor.SceneInfoUtils:InitializeOnLoad () (at Assets/ASL/MRTK/Core/Inspectors/PropertyDrawers/SceneInfoUtils.cs:231)

(Filename: Assets/ASL/MRTK/Core/Inspectors/PropertyDrawers/SceneInfoUtils.cs Line: 313)

Mono: successfully reloaded assembly
- Completed reload, in  1.582 seconds
Platform modules already initialized, skipping
Shader 'Oculus/OVRMRCameraFrameLit': fallback shader 'Alpha-Diffuse' not found
Refreshing native plugins compatible for Editor in 1.28 ms, found 11 plugins.
Preloading 2 native plugins for Editor in 0.11 ms.
Unloading 3958 Unused Serialized files (Serialized files now loaded: 0)
System memory in use before: 194.9 MB.
System memory in use after: 193.9 MB.

Unloading 2355 unused Assets to reduce memory usage. Loaded Objects now: 4218.
Total: 5.799900 ms (FindLiveObjects: 0.811100 ms CreateObjectMapping: 0.353700 ms MarkObjects: 1.995200 ms  DeleteObjects: 2.638100 ms)

========================================================================
Received Prepare
Registering precompiled user dll's ...
Registered in 0.010055 seconds.
Begin MonoManager ReloadAssembly
Native extension for WindowsStandalone target not found
Refreshing native plugins compatible for Editor in 1.28 ms, found 11 plugins.
Preloading 2 native plugins for Editor in 0.12 ms.
Invoked RoslynAnalysisRunner static constructor.
RoslynAnalysisRunner will not be running.
RoslynAnalysisRunner has terminated.
Error when attempting to update scene info fields. Scene info data may be stale.
UnityEngine.StackTraceUtility:ExtractStackTrace ()
UnityEngine.DebugLogHandler:LogFormat (UnityEngine.LogType,UnityEngine.Object,string,object[])
UnityEngine.Logger:Log (UnityEngine.LogType,object)
UnityEngine.Debug:LogWarning (object)
Microsoft.MixedReality.Toolkit.Editor.SceneInfoUtils:RefreshSceneInfoFieldsInScriptableObjects () (at Assets/ASL/MRTK/Core/Inspectors/PropertyDrawers/SceneInfoUtils.cs:313)
Microsoft.MixedReality.Toolkit.Editor.SceneInfoUtils:InitializeOnLoad () (at Assets/ASL/MRTK/Core/Inspectors/PropertyDrawers/SceneInfoUtils.cs:231)

(Filename: Assets/ASL/MRTK/Core/Inspectors/PropertyDrawers/SceneInfoUtils.cs Line: 313)

Mono: successfully reloaded assembly
- Completed reload, in  1.565 seconds
Platform modules already initialized, skipping
Shader 'Oculus/OVRMRCameraFrameLit': fallback shader 'Alpha-Diffuse' not found
Refreshing native plugins compatible for Editor in 1.30 ms, found 11 plugins.
Preloading 2 native plugins for Editor in 0.11 ms.
Unloading 3958 Unused Serialized files (Serialized files now loaded: 0)
System memory in use before: 195.0 MB.
System memory in use after: 194.2 MB.

Unloading 2355 unused Assets to reduce memory usage. Loaded Objects now: 4222.
Total: 6.315800 ms (FindLiveObjects: 0.837200 ms CreateObjectMapping: 0.446000 ms MarkObjects: 2.420500 ms  DeleteObjects: 2.611000 ms)

========================================================================
Received Prepare
Registering precompiled user dll's ...
Registered in 0.010599 seconds.
Begin MonoManager ReloadAssembly
Native extension for WindowsStandalone target not found
Refreshing native plugins compatible for Editor in 2.08 ms, found 11 plugins.
Preloading 2 native plugins for Editor in 0.20 ms.
Invoked RoslynAnalysisRunner static constructor.
RoslynAnalysisRunner will not be running.
RoslynAnalysisRunner has terminated.
Error when attempting to update scene info fields. Scene info data may be stale.
UnityEngine.StackTraceUtility:ExtractStackTrace ()
UnityEngine.DebugLogHandler:LogFormat (UnityEngine.LogType,UnityEngine.Object,string,object[])
UnityEngine.Logger:Log (UnityEngine.LogType,object)
UnityEngine.Debug:LogWarning (object)
Microsoft.MixedReality.Toolkit.Editor.SceneInfoUtils:RefreshSceneInfoFieldsInScriptableObjects () (at Assets/ASL/MRTK/Core/Inspectors/PropertyDrawers/SceneInfoUtils.cs:313)
Microsoft.MixedReality.Toolkit.Editor.SceneInfoUtils:InitializeOnLoad () (at Assets/ASL/MRTK/Core/Inspectors/PropertyDrawers/SceneInfoUtils.cs:231)

(Filename: Assets/ASL/MRTK/Core/Inspectors/PropertyDrawers/SceneInfoUtils.cs Line: 313)

Mono: successfully reloaded assembly
- Completed reload, in  1.545 seconds
Platform modules already initialized, skipping
Shader 'Oculus/OVRMRCameraFrameLit': fallback shader 'Alpha-Diffuse' not found
Refreshing native plugins compatible for Editor in 1.34 ms, found 11 plugins.
Preloading 2 native plugins for Editor in 0.11 ms.
Unloading 3958 Unused Serialized files (Serialized files now loaded: 0)
System memory in use before: 195.0 MB.
System memory in use after: 194.2 MB.

Unloading 2355 unused Assets to reduce memory usage. Loaded Objects now: 4226.
Total: 4.689700 ms (FindLiveObjects: 0.565600 ms CreateObjectMapping: 0.146300 ms MarkObjects: 1.965100 ms  DeleteObjects: 2.011500 ms)

========================================================================
Received Prepare
Registering precompiled user dll's ...
Registered in 0.013330 seconds.
Begin MonoManager ReloadAssembly
Native extension for WindowsStandalone target not found
Refreshing native plugins compatible for Editor in 1.41 ms, found 11 plugins.
Preloading 2 native plugins for Editor in 0.12 ms.
Invoked RoslynAnalysisRunner static constructor.
RoslynAnalysisRunner will not be running.
RoslynAnalysisRunner has terminated.
Error when attempting to update scene info fields. Scene info data may be stale.
UnityEngine.StackTraceUtility:ExtractStackTrace ()
UnityEngine.DebugLogHandler:LogFormat (UnityEngine.LogType,UnityEngine.Object,string,object[])
UnityEngine.Logger:Log (UnityEngine.LogType,object)
UnityEngine.Debug:LogWarning (object)
Microsoft.MixedReality.Toolkit.Editor.SceneInfoUtils:RefreshSceneInfoFieldsInScriptableObjects () (at Assets/ASL/MRTK/Core/Inspectors/PropertyDrawers/SceneInfoUtils.cs:313)
Microsoft.MixedReality.Toolkit.Editor.SceneInfoUtils:InitializeOnLoad () (at Assets/ASL/MRTK/Core/Inspectors/PropertyDrawers/SceneInfoUtils.cs:231)

(Filename: Assets/ASL/MRTK/Core/Inspectors/PropertyDrawers/SceneInfoUtils.cs Line: 313)

Mono: successfully reloaded assembly
- Completed reload, in  1.547 seconds
Platform modules already initialized, skipping
Shader 'Oculus/OVRMRCameraFrameLit': fallback shader 'Alpha-Diffuse' not found
Refreshing native plugins compatible for Editor in 1.48 ms, found 11 plugins.
Preloading 2 native plugins for Editor in 0.11 ms.
Unloading 3958 Unused Serialized files (Serialized files now loaded: 0)
System memory in use before: 195.1 MB.
System memory in use after: 194.1 MB.

Unloading 2355 unused Assets to reduce memory usage. Loaded Objects now: 4230.
Total: 6.140500 ms (FindLiveObjects: 0.809000 ms CreateObjectMapping: 0.310200 ms MarkObjects: 2.289700 ms  DeleteObjects: 2.729700 ms)

========================================================================
Received Prepare
Registering precompiled user dll's ...
Registered in 0.009891 seconds.
Begin MonoManager ReloadAssembly
Native extension for WindowsStandalone target not found
Refreshing native plugins compatible for Editor in 1.35 ms, found 11 plugins.
Preloading 2 native plugins for Editor in 0.12 ms.
Invoked RoslynAnalysisRunner static constructor.
RoslynAnalysisRunner will not be running.
RoslynAnalysisRunner has terminated.
Error when attempting to update scene info fields. Scene info data may be stale.
UnityEngine.StackTraceUtility:ExtractStackTrace ()
UnityEngine.DebugLogHandler:LogFormat (UnityEngine.LogType,UnityEngine.Object,string,object[])
UnityEngine.Logger:Log (UnityEngine.LogType,object)
UnityEngine.Debug:LogWarning (object)
Microsoft.MixedReality.Toolkit.Editor.SceneInfoUtils:RefreshSceneInfoFieldsInScriptableObjects () (at Assets/ASL/MRTK/Core/Inspectors/PropertyDrawers/SceneInfoUtils.cs:313)
Microsoft.MixedReality.Toolkit.Editor.SceneInfoUtils:InitializeOnLoad () (at Assets/ASL/MRTK/Core/Inspectors/PropertyDrawers/SceneInfoUtils.cs:231)

(Filename: Assets/ASL/MRTK/Core/Inspectors/PropertyDrawers/SceneInfoUtils.cs Line: 313)

Mono: successfully reloaded assembly
- Completed reload, in  1.621 seconds
Platform modules already initialized, skipping
Shader 'Oculus/OVRMRCameraFrameLit': fallback shader 'Alpha-Diffuse' not found
Refreshing native plugins compatible for Editor in 1.30 ms, found 11 plugins.
Preloading 2 native plugins for Editor in 0.11 ms.
Unloading 3958 Unused Serialized files (Serialized files now loaded: 0)
System memory in use before: 195.1 MB.
System memory in use after: 194.0 MB.

Unloading 2355 unused Assets to reduce memory usage. Loaded Objects now: 4234.
Total: 5.498800 ms (FindLiveObjects: 0.613200 ms CreateObjectMapping: 0.147000 ms MarkObjects: 2.075800 ms  DeleteObjects: 2.661900 ms)

========================================================================
Received Prepare
Registering precompiled user dll's ...
Registered in 0.013153 seconds.
Begin MonoManager ReloadAssembly
Native extension for WindowsStandalone target not found
Refreshing native plugins compatible for Editor in 1.87 ms, found 11 plugins.
Preloading 2 native plugins for Editor in 0.14 ms.
Invoked RoslynAnalysisRunner static constructor.
RoslynAnalysisRunner will not be running.
RoslynAnalysisRunner has terminated.
Error when attempting to update scene info fields. Scene info data may be stale.
UnityEngine.StackTraceUtility:ExtractStackTrace ()
UnityEngine.DebugLogHandler:LogFormat (UnityEngine.LogType,UnityEngine.Object,string,object[])
UnityEngine.Logger:Log (UnityEngine.LogType,object)
UnityEngine.Debug:LogWarning (object)
Microsoft.MixedReality.Toolkit.Editor.SceneInfoUtils:RefreshSceneInfoFieldsInScriptableObjects () (at Assets/ASL/MRTK/Core/Inspectors/PropertyDrawers/SceneInfoUtils.cs:313)
Microsoft.MixedReality.Toolkit.Editor.SceneInfoUtils:InitializeOnLoad () (at Assets/ASL/MRTK/Core/Inspectors/PropertyDrawers/SceneInfoUtils.cs:231)

(Filename: Assets/ASL/MRTK/Core/Inspectors/PropertyDrawers/SceneInfoUtils.cs Line: 313)

Mono: successfully reloaded assembly
- Completed reload, in  1.588 seconds
Platform modules already initialized, skipping
Shader 'Oculus/OVRMRCameraFrameLit': fallback shader 'Alpha-Diffuse' not found
Refreshing native plugins compatible for Editor in 1.32 ms, found 11 plugins.
Preloading 2 native plugins for Editor in 0.11 ms.
Unloading 3958 Unused Serialized files (Serialized files now loaded: 0)
System memory in use before: 195.1 MB.
System memory in use after: 194.5 MB.

Unloading 2355 unused Assets to reduce memory usage. Loaded Objects now: 4238.
Total: 5.114900 ms (FindLiveObjects: 0.630300 ms CreateObjectMapping: 0.150000 ms MarkObjects: 1.976700 ms  DeleteObjects: 2.356400 ms)

========================================================================
Received Prepare
Registering precompiled user dll's ...
Registered in 0.010115 seconds.
Begin MonoManager ReloadAssembly
Native extension for WindowsStandalone target not found
Refreshing native plugins compatible for Editor in 1.29 ms, found 11 plugins.
Preloading 2 native plugins for Editor in 0.12 ms.
Invoked RoslynAnalysisRunner static constructor.
RoslynAnalysisRunner will not be running.
RoslynAnalysisRunner has terminated.
Error when attempting to update scene info fields. Scene info data may be stale.
UnityEngine.StackTraceUtility:ExtractStackTrace ()
UnityEngine.DebugLogHandler:LogFormat (UnityEngine.LogType,UnityEngine.Object,string,object[])
UnityEngine.Logger:Log (UnityEngine.LogType,object)
UnityEngine.Debug:LogWarning (object)
Microsoft.MixedReality.Toolkit.Editor.SceneInfoUtils:RefreshSceneInfoFieldsInScriptableObjects () (at Assets/ASL/MRTK/Core/Inspectors/PropertyDrawers/SceneInfoUtils.cs:313)
Microsoft.MixedReality.Toolkit.Editor.SceneInfoUtils:InitializeOnLoad () (at Assets/ASL/MRTK/Core/Inspectors/PropertyDrawers/SceneInfoUtils.cs:231)

(Filename: Assets/ASL/MRTK/Core/Inspectors/PropertyDrawers/SceneInfoUtils.cs Line: 313)

Mono: successfully reloaded assembly
- Completed reload, in  1.618 seconds
Platform modules already initialized, skipping
Shader 'Oculus/OVRMRCameraFrameLit': fallback shader 'Alpha-Diffuse' not found
Refreshing native plugins compatible for Editor in 1.36 ms, found 11 plugins.
Preloading 2 native plugins for Editor in 0.11 ms.
Unloading 3958 Unused Serialized files (Serialized files now loaded: 0)
System memory in use before: 195.2 MB.
System memory in use after: 194.4 MB.

Unloading 2355 unused Assets to reduce memory usage. Loaded Objects now: 4242.
Total: 5.828700 ms (FindLiveObjects: 0.704500 ms CreateObjectMapping: 0.189500 ms MarkObjects: 2.368400 ms  DeleteObjects: 2.565100 ms)

========================================================================
Received Prepare
Registering precompiled user dll's ...
Registered in 0.011525 seconds.
Begin MonoManager ReloadAssembly
Native extension for WindowsStandalone target not found
Refreshing native plugins compatible for Editor in 1.89 ms, found 11 plugins.
Preloading 2 native plugins for Editor in 0.14 ms.
Invoked RoslynAnalysisRunner static constructor.
RoslynAnalysisRunner will not be running.
RoslynAnalysisRunner has terminated.
Error when attempting to update scene info fields. Scene info data may be stale.
UnityEngine.StackTraceUtility:ExtractStackTrace ()
UnityEngine.DebugLogHandler:LogFormat (UnityEngine.LogType,UnityEngine.Object,string,object[])
UnityEngine.Logger:Log (UnityEngine.LogType,object)
UnityEngine.Debug:LogWarning (object)
Microsoft.MixedReality.Toolkit.Editor.SceneInfoUtils:RefreshSceneInfoFieldsInScriptableObjects () (at Assets/ASL/MRTK/Core/Inspectors/PropertyDrawers/SceneInfoUtils.cs:313)
Microsoft.MixedReality.Toolkit.Editor.SceneInfoUtils:InitializeOnLoad () (at Assets/ASL/MRTK/Core/Inspectors/PropertyDrawers/SceneInfoUtils.cs:231)

(Filename: Assets/ASL/MRTK/Core/Inspectors/PropertyDrawers/SceneInfoUtils.cs Line: 313)

Mono: successfully reloaded assembly
- Completed reload, in  1.669 seconds
Platform modules already initialized, skipping
Shader 'Oculus/OVRMRCameraFrameLit': fallback shader 'Alpha-Diffuse' not found
Refreshing native plugins compatible for Editor in 1.64 ms, found 11 plugins.
Preloading 2 native plugins for Editor in 0.17 ms.
Unloading 3958 Unused Serialized files (Serialized files now loaded: 0)
System memory in use before: 195.2 MB.
System memory in use after: 194.3 MB.

Unloading 2355 unused Assets to reduce memory usage. Loaded Objects now: 4246.
Total: 5.028100 ms (FindLiveObjects: 0.572400 ms CreateObjectMapping: 0.146400 ms MarkObjects: 1.916100 ms  DeleteObjects: 2.391900 ms)

========================================================================
Received Prepare
Registering precompiled user dll's ...
Registered in 0.009992 seconds.
Begin MonoManager ReloadAssembly
Native extension for WindowsStandalone target not found
Refreshing native plugins compatible for Editor in 1.48 ms, found 11 plugins.
Preloading 2 native plugins for Editor in 0.21 ms.
Invoked RoslynAnalysisRunner static constructor.
RoslynAnalysisRunner will not be running.
RoslynAnalysisRunner has terminated.
Error when attempting to update scene info fields. Scene info data may be stale.
UnityEngine.StackTraceUtility:ExtractStackTrace ()
UnityEngine.DebugLogHandler:LogFormat (UnityEngine.LogType,UnityEngine.Object,string,object[])
UnityEngine.Logger:Log (UnityEngine.LogType,object)
UnityEngine.Debug:LogWarning (object)
Microsoft.MixedReality.Toolkit.Editor.SceneInfoUtils:RefreshSceneInfoFieldsInScriptableObjects () (at Assets/ASL/MRTK/Core/Inspectors/PropertyDrawers/SceneInfoUtils.cs:313)
Microsoft.MixedReality.Toolkit.Editor.SceneInfoUtils:InitializeOnLoad () (at Assets/ASL/MRTK/Core/Inspectors/PropertyDrawers/SceneInfoUtils.cs:231)

(Filename: Assets/ASL/MRTK/Core/Inspectors/PropertyDrawers/SceneInfoUtils.cs Line: 313)

Mono: successfully reloaded assembly
- Completed reload, in  1.693 seconds
Platform modules already initialized, skipping
Shader 'Oculus/OVRMRCameraFrameLit': fallback shader 'Alpha-Diffuse' not found
Refreshing native plugins compatible for Editor in 1.70 ms, found 11 plugins.
Preloading 2 native plugins for Editor in 0.16 ms.
Unloading 3958 Unused Serialized files (Serialized files now loaded: 0)
System memory in use before: 195.2 MB.
System memory in use after: 194.4 MB.

Unloading 2355 unused Assets to reduce memory usage. Loaded Objects now: 4250.
Total: 5.748300 ms (FindLiveObjects: 0.655400 ms CreateObjectMapping: 0.150900 ms MarkObjects: 2.280900 ms  DeleteObjects: 2.660300 ms)

========================================================================
Received Import Request.
  Time since last request: 1073.531571 seconds.
  path: Assets/ASL/MixedRealityToolkit.Generated/CustomProfiles/PuzzleVRMixedRealityControllerMappingProfile.asset
  artifactKey: Guid(a777482e25ef6fb47b76823f011bf41d) Importer(815301076,1909f56bfc062723c751e8b465ee728b)
Start importing Assets/ASL/MixedRealityToolkit.Generated/CustomProfiles/PuzzleVRMixedRealityControllerMappingProfile.asset using Guid(a777482e25ef6fb47b76823f011bf41d) Importer(815301076,1909f56bfc062723c751e8b465ee728b)  -> (artifact id: '7d9b2df5e7f1dbd43e71304aedf5982c') in 0.047221 seconds
  Import took 0.054755 seconds .

========================================================================
Received Import Request.
  Time since last request: 0.000166 seconds.
  path: Assets/ASL/MixedRealityToolkit.Generated/CustomProfiles/PuzzleVRMixedRealityToolkitConfigurationProfile.asset
  artifactKey: Guid(90bf56656c3edc942b397264c7997a81) Importer(815301076,1909f56bfc062723c751e8b465ee728b)
Start importing Assets/ASL/MixedRealityToolkit.Generated/CustomProfiles/PuzzleVRMixedRealityToolkitConfigurationProfile.asset using Guid(90bf56656c3edc942b397264c7997a81) Importer(815301076,1909f56bfc062723c751e8b465ee728b)  -> (artifact id: 'e0495ca5d7790f9790abf235e8447b34') in 0.083105 seconds
  Import took 0.090659 seconds .

========================================================================
Received Import Request.
  Time since last request: 0.000161 seconds.
  path: Assets/ASL/MixedRealityToolkit.Generated/CustomProfiles/PuzzleVRMixedRealityPointerProfile.asset
  artifactKey: Guid(5758f46305895f9479cbaeee609563bc) Importer(815301076,1909f56bfc062723c751e8b465ee728b)
Start importing Assets/ASL/MixedRealityToolkit.Generated/CustomProfiles/PuzzleVRMixedRealityPointerProfile.asset using Guid(5758f46305895f9479cbaeee609563bc) Importer(815301076,1909f56bfc062723c751e8b465ee728b)  -> (artifact id: '6b731c2321b04990988dce1d53da8327') in 0.013666 seconds
  Import took 0.020031 seconds .

========================================================================
Received Import Request.
  Time since last request: 0.000162 seconds.
  path: Assets/ASL/MixedRealityToolkit.Generated/CustomProfiles/PuzzleVRMixedRealityToolkitConfigurationProfile.asset
  artifactKey: Guid(90bf56656c3edc942b397264c7997a81) Importer(815301076,1909f56bfc062723c751e8b465ee728b)
Start importing Assets/ASL/MixedRealityToolkit.Generated/CustomProfiles/PuzzleVRMixedRealityToolkitConfigurationProfile.asset using Guid(90bf56656c3edc942b397264c7997a81) Importer(815301076,1909f56bfc062723c751e8b465ee728b)  -> (artifact id: 'e0495ca5d7790f9790abf235e8447b34') in 0.044146 seconds
  Import took 0.050979 seconds .

========================================================================
Received Import Request.
  Time since last request: 0.000156 seconds.
  path: Assets/ASL/MixedRealityToolkit.Generated/CustomProfiles/PuzzleVRMixedRealityControllerMappingProfile.asset
  artifactKey: Guid(a777482e25ef6fb47b76823f011bf41d) Importer(815301076,1909f56bfc062723c751e8b465ee728b)
Start importing Assets/ASL/MixedRealityToolkit.Generated/CustomProfiles/PuzzleVRMixedRealityControllerMappingProfile.asset using Guid(a777482e25ef6fb47b76823f011bf41d) Importer(815301076,1909f56bfc062723c751e8b465ee728b)  -> (artifact id: '7d9b2df5e7f1dbd43e71304aedf5982c') in 0.016800 seconds
  Import took 0.021657 seconds .

========================================================================
Received Import Request.
  Time since last request: 0.000162 seconds.
  path: Assets/ASL/MixedRealityToolkit.Generated/CustomProfiles/PuzzleVRMixedRealityInputSystemProfile.asset
  artifactKey: Guid(52160d56d3fa79e4eab8971f245e20a6) Importer(815301076,1909f56bfc062723c751e8b465ee728b)
Start importing Assets/ASL/MixedRealityToolkit.Generated/CustomProfiles/PuzzleVRMixedRealityInputSystemProfile.asset using Guid(52160d56d3fa79e4eab8971f245e20a6) Importer(815301076,1909f56bfc062723c751e8b465ee728b)  -> (artifact id: 'b31bf664ab16de4ca4da8afae4e47247') in 0.038644 seconds
  Import took 0.046264 seconds .

========================================================================
Received Import Request.
  Time since last request: 0.000176 seconds.
  path: Assets/ASL/MixedRealityToolkit.Generated/CustomProfiles/PuzzleVRRealityCameraProfile.asset
  artifactKey: Guid(c8d1d149893e10e45aa51eb6433b8c5b) Importer(815301076,1909f56bfc062723c751e8b465ee728b)
Start importing Assets/ASL/MixedRealityToolkit.Generated/CustomProfiles/PuzzleVRRealityCameraProfile.asset using Guid(c8d1d149893e10e45aa51eb6433b8c5b) Importer(815301076,1909f56bfc062723c751e8b465ee728b)  -> (artifact id: '0ee518c3db1e2d28a118fb0da42312f0') in 0.006974 seconds
  Import took 0.012656 seconds .

========================================================================
Received Import Request.
  Time since last request: 0.000154 seconds.
  path: Assets/ASL/MixedRealityToolkit.Generated/CustomProfiles/PuzzleVRMixedRealityInputActionsProfile.asset
  artifactKey: Guid(3dc23f36b69912c44b0d11ce8654d014) Importer(815301076,1909f56bfc062723c751e8b465ee728b)
Start importing Assets/ASL/MixedRealityToolkit.Generated/CustomProfiles/PuzzleVRMixedRealityInputActionsProfile.asset using Guid(3dc23f36b69912c44b0d11ce8654d014) Importer(815301076,1909f56bfc062723c751e8b465ee728b)  -> (artifact id: '3d57feabe2032540e60cfd62c7778b8e') in 0.006254 seconds
  Import took 0.011957 seconds .

========================================================================
Received Prepare
Registering precompiled user dll's ...
Registered in 0.010339 seconds.
Begin MonoManager ReloadAssembly
Native extension for WindowsStandalone target not found
Refreshing native plugins compatible for Editor in 1.38 ms, found 11 plugins.
Preloading 2 native plugins for Editor in 0.12 ms.
Invoked RoslynAnalysisRunner static constructor.
RoslynAnalysisRunner will not be running.
RoslynAnalysisRunner has terminated.
Error when attempting to update scene info fields. Scene info data may be stale.
UnityEngine.StackTraceUtility:ExtractStackTrace ()
UnityEngine.DebugLogHandler:LogFormat (UnityEngine.LogType,UnityEngine.Object,string,object[])
UnityEngine.Logger:Log (UnityEngine.LogType,object)
UnityEngine.Debug:LogWarning (object)
Microsoft.MixedReality.Toolkit.Editor.SceneInfoUtils:RefreshSceneInfoFieldsInScriptableObjects () (at Assets/ASL/MRTK/Core/Inspectors/PropertyDrawers/SceneInfoUtils.cs:313)
Microsoft.MixedReality.Toolkit.Editor.SceneInfoUtils:InitializeOnLoad () (at Assets/ASL/MRTK/Core/Inspectors/PropertyDrawers/SceneInfoUtils.cs:231)

(Filename: Assets/ASL/MRTK/Core/Inspectors/PropertyDrawers/SceneInfoUtils.cs Line: 313)

Mono: successfully reloaded assembly
- Completed reload, in  1.680 seconds
Platform modules already initialized, skipping
Shader 'Oculus/OVRMRCameraFrameLit': fallback shader 'Alpha-Diffuse' not found
Refreshing native plugins compatible for Editor in 1.49 ms, found 11 plugins.
Preloading 2 native plugins for Editor in 0.12 ms.
Unloading 3957 Unused Serialized files (Serialized files now loaded: 0)
System memory in use before: 195.1 MB.
System memory in use after: 194.4 MB.

Unloading 2355 unused Assets to reduce memory usage. Loaded Objects now: 4254.
Total: 5.911100 ms (FindLiveObjects: 0.697000 ms CreateObjectMapping: 0.172800 ms MarkObjects: 2.401000 ms  DeleteObjects: 2.639300 ms)

========================================================================
Received Prepare
Registering precompiled user dll's ...
Registered in 0.010807 seconds.
Begin MonoManager ReloadAssembly
Native extension for WindowsStandalone target not found
Refreshing native plugins compatible for Editor in 1.37 ms, found 11 plugins.
Preloading 2 native plugins for Editor in 0.15 ms.
Invoked RoslynAnalysisRunner static constructor.
RoslynAnalysisRunner will not be running.
RoslynAnalysisRunner has terminated.
Error when attempting to update scene info fields. Scene info data may be stale.
UnityEngine.StackTraceUtility:ExtractStackTrace ()
UnityEngine.DebugLogHandler:LogFormat (UnityEngine.LogType,UnityEngine.Object,string,object[])
UnityEngine.Logger:Log (UnityEngine.LogType,object)
UnityEngine.Debug:LogWarning (object)
Microsoft.MixedReality.Toolkit.Editor.SceneInfoUtils:RefreshSceneInfoFieldsInScriptableObjects () (at Assets/ASL/MRTK/Core/Inspectors/PropertyDrawers/SceneInfoUtils.cs:313)
Microsoft.MixedReality.Toolkit.Editor.SceneInfoUtils:InitializeOnLoad () (at Assets/ASL/MRTK/Core/Inspectors/PropertyDrawers/SceneInfoUtils.cs:231)

(Filename: Assets/ASL/MRTK/Core/Inspectors/PropertyDrawers/SceneInfoUtils.cs Line: 313)

Mono: successfully reloaded assembly
- Completed reload, in  1.639 seconds
Platform modules already initialized, skipping
Shader 'Oculus/OVRMRCameraFrameLit': fallback shader 'Alpha-Diffuse' not found
Refreshing native plugins compatible for Editor in 1.51 ms, found 11 plugins.
Preloading 2 native plugins for Editor in 0.14 ms.
Unloading 3958 Unused Serialized files (Serialized files now loaded: 0)
System memory in use before: 195.3 MB.
System memory in use after: 194.6 MB.

Unloading 2355 unused Assets to reduce memory usage. Loaded Objects now: 4258.
Total: 5.275200 ms (FindLiveObjects: 0.731500 ms CreateObjectMapping: 0.165100 ms MarkObjects: 2.045200 ms  DeleteObjects: 2.332400 ms)

========================================================================
Received Prepare
Registering precompiled user dll's ...
Registered in 0.010448 seconds.
Begin MonoManager ReloadAssembly
Native extension for WindowsStandalone target not found
Refreshing native plugins compatible for Editor in 1.57 ms, found 11 plugins.
Preloading 2 native plugins for Editor in 0.12 ms.
Invoked RoslynAnalysisRunner static constructor.
RoslynAnalysisRunner will not be running.
RoslynAnalysisRunner has terminated.
Error when attempting to update scene info fields. Scene info data may be stale.
UnityEngine.StackTraceUtility:ExtractStackTrace ()
UnityEngine.DebugLogHandler:LogFormat (UnityEngine.LogType,UnityEngine.Object,string,object[])
UnityEngine.Logger:Log (UnityEngine.LogType,object)
UnityEngine.Debug:LogWarning (object)
Microsoft.MixedReality.Toolkit.Editor.SceneInfoUtils:RefreshSceneInfoFieldsInScriptableObjects () (at Assets/ASL/MRTK/Core/Inspectors/PropertyDrawers/SceneInfoUtils.cs:313)
Microsoft.MixedReality.Toolkit.Editor.SceneInfoUtils:InitializeOnLoad () (at Assets/ASL/MRTK/Core/Inspectors/PropertyDrawers/SceneInfoUtils.cs:231)

(Filename: Assets/ASL/MRTK/Core/Inspectors/PropertyDrawers/SceneInfoUtils.cs Line: 313)

Mono: successfully reloaded assembly
- Completed reload, in  1.741 seconds
Platform modules already initialized, skipping
Shader 'Oculus/OVRMRCameraFrameLit': fallback shader 'Alpha-Diffuse' not found
Refreshing native plugins compatible for Editor in 1.38 ms, found 11 plugins.
Preloading 2 native plugins for Editor in 0.13 ms.
Unloading 3958 Unused Serialized files (Serialized files now loaded: 0)
System memory in use before: 195.3 MB.
System memory in use after: 194.2 MB.

Unloading 2355 unused Assets to reduce memory usage. Loaded Objects now: 4262.
Total: 7.087100 ms (FindLiveObjects: 0.723800 ms CreateObjectMapping: 0.151200 ms MarkObjects: 3.016700 ms  DeleteObjects: 3.194100 ms)

