
=== Thu Jan 31 16:28:16 2019

Packages were changed.
Update Mode: mergeDefaultDependencies

The following packages were added:
  com.unity.analytics@3.2.2
  com.unity.purchasing@2.0.3
  com.unity.ads@2.3.1
  com.unity.textmeshpro@1.3.0
  com.unity.package-manager-ui@2.0.3
  com.unity.collab-proxy@1.2.15
  com.unity.modules.ai@1.0.0
  com.unity.modules.animation@1.0.0
  com.unity.modules.assetbundle@1.0.0
  com.unity.modules.audio@1.0.0
  com.unity.modules.cloth@1.0.0
  com.unity.modules.director@1.0.0
  com.unity.modules.imageconversion@1.0.0
  com.unity.modules.imgui@1.0.0
  com.unity.modules.jsonserialize@1.0.0
  com.unity.modules.particlesystem@1.0.0
  com.unity.modules.physics@1.0.0
  com.unity.modules.physics2d@1.0.0
  com.unity.modules.screencapture@1.0.0
  com.unity.modules.terrain@1.0.0
  com.unity.modules.terrainphysics@1.0.0
  com.unity.modules.tilemap@1.0.0
  com.unity.modules.ui@1.0.0
  com.unity.modules.uielements@1.0.0
  com.unity.modules.umbra@1.0.0
  com.unity.modules.unityanalytics@1.0.0
  com.unity.modules.unitywebrequest@1.0.0
  com.unity.modules.unitywebrequestassetbundle@1.0.0
  com.unity.modules.unitywebrequestaudio@1.0.0
  com.unity.modules.unitywebrequesttexture@1.0.0
  com.unity.modules.unitywebrequestwww@1.0.0
  com.unity.modules.vehicles@1.0.0
  com.unity.modules.video@1.0.0
  com.unity.modules.vr@1.0.0
  com.unity.modules.wind@1.0.0
  com.unity.modules.xr@1.0.0

=== Sat Sep 28 15:26:37 2019

Packages were changed.
Update Mode: updateDependencies

The following packages were added:
  com.unity.2d.tilemap@1.0.0
  com.unity.ext.nunit@1.0.0
  com.unity.test-framework@1.0.13
  com.unity.timeline@1.1.0
  com.unity.2d.sprite@1.0.0
  com.unity.ide.vscode@1.1.0
  com.unity.ide.rider@1.1.0
  com.unity.ugui@1.0.0
  com.unity.modules.androidjni@1.0.0
  com.unity.multiplayer-hlapi@1.0.2
  com.unity.xr.legacyinputhelpers@2.0.2
The following packages were updated:
  com.unity.analytics from version 3.2.2 to 3.3.2
  com.unity.collab-proxy from version 1.2.15 to 1.2.16
  com.unity.package-manager-ui from version 2.0.3 to 2.2.0
  com.unity.purchasing from version 2.0.3 to 2.0.6
  com.unity.textmeshpro from version 1.3.0 to 2.0.1

=== Sat Sep 28 17:29:39 2019

Packages were changed.
Update Mode: resetToDefaultDependencies

The following packages were removed:
  com.unity.2d.sprite@1.0.0
  com.unity.2d.tilemap@1.0.0
  com.unity.ads@2.3.1
  com.unity.analytics@3.3.2
  com.unity.multiplayer-hlapi@1.0.2
  com.unity.purchasing@2.0.6
  com.unity.xr.legacyinputhelpers@2.0.2

=== Sat Oct  5 19:28:11 2019

Packages were changed.
Update Mode: resetToDefaultDependencies

The following packages were updated:
  com.unity.test-framework from version 1.0.18 to 1.0.13

=== Wed Oct  9 13:29:14 2019

Packages were changed.
Update Mode: updateDependencies

The following packages were added:
  com.unity.2d.tilemap@1.0.0
  com.unity.2d.sprite@1.0.0
  com.unity.modules.androidjni@1.0.0

=== Wed Oct  9 13:44:30 2019

Packages were changed.
Update Mode: updateDependencies

The following packages were updated:
  com.unity.ide.vscode from version 1.1.0 to 1.1.2

=== Wed Feb 26 21:26:05 2020

Packages were changed.
Update Mode: updateDependencies

The following packages were updated:
  com.unity.test-framework from version 1.0.18 to 1.1.11

=== Thu Mar 26 18:01:27 2020

Packages were changed.
Update Mode: resetToDefaultDependencies

The following packages were added:
  com.unity.timeline@1.2.12
The following packages were updated:
  com.unity.test-framework from version 1.1.13 to 1.1.11
The following packages were removed:
  com.google.ar.core.arfoundation.extensions@https://github.com/google-ar/arcore-unity-extensions.git
  com.unity.2d.sprite@1.0.0
  com.unity.2d.tilemap@1.0.0
  com.unity.ext.nunit@1.0.0
  com.unity.mobile.android-logcat@1.1.1
  com.unity.multiplayer-hlapi@1.0.4
  com.unity.xr.arcore@3.1.0-preview.6
  com.unity.xr.arfoundation@3.1.0-preview.6
  com.unity.xr.legacyinputhelpers@1.3.11
  com.unity.xr.management@3.0.6
  com.unity.xr.windowsmr@2.0.4-preview.3

=== Thu Mar 26 18:26:21 2020

Packages were changed.
Update Mode: resetToDefaultDependencies

The following packages were updated:
  com.unity.test-framework from version 1.1.13 to 1.1.11
  com.unity.timeline from version 1.2.14 to 1.2.12
The following packages were removed:
  com.google.ar.core.arfoundation.extensions@https://github.com/google-ar/arcore-unity-extensions.git
  com.unity.xr.arcore@4.0.0-preview.1
  com.unity.xr.arfoundation@4.0.0-preview.1
  com.unity.xr.management@3.0.6
  com.unity.xr.windowsmr@2.0.3

=== Sun Mar 29 22:45:06 2020

Packages were changed.
Update Mode: updateDependencies

The following packages were added:
  com.unity.ide.visualstudio@2.0.0
The following packages were updated:
  com.unity.collab-proxy from version 1.2.16 to 1.3.7
  com.unity.ide.rider from version 1.1.4 to 1.2.1
  com.unity.textmeshpro from version 2.0.1 to 3.0.0-preview.1
  com.unity.xr.windowsmr from version 2.0.3 to 3.0.0

=== Mon Jun 15 16:15:05 2020

Packages were changed.
Update Mode: updateDependencies

The following packages were updated:
  com.unity.ide.vscode from version 1.1.4 to 1.2.1
  com.unity.xr.management from version 3.2.6 to 3.2.10
